<?xml version="1.0" encoding="UTF-8"?>
<testsuite xmlns:xsi="http://www.w3.org/2001/XMLSchema-instance" xsi:noNamespaceSchemaLocation="https://maven.apache.org/surefire/maven-surefire-plugin/xsd/surefire-test-report-3.0.xsd" version="3.0" name="com.purehub.GiveItToYouPlusApplicationTests" time="4.655" tests="1" errors="0" skipped="0" failures="0">
  <properties>
[...]
</properties>
  <testcase name="contextLoads" classname="com.purehub.GiveItToYouPlusApplicationTests" time="0.711">
    <system-out><![CDATA[2024-01-11 15:56:20 499 [main] INFO org.springframework.test.context.support.AnnotationConfigContextLoaderUtils - Could not detect default configuration classes for test class [com.purehub.GiveItToYouPlusApplicationTests]: GiveItToYouPlusApplicationTests does not declare any static, non-private, non-final, nested classes annotated with @Configuration.
2024-01-11 15:56:20 611 [main] INFO org.springframework.boot.test.context.SpringBootTestContextBootstrapper - Found @SpringBootConfiguration com.purehub.GiveItToYouPlusApplication for test class com.purehub.GiveItToYouPlusApplicationTests
2024-01-11 15:56:20 761 [main] INFO org.springframework.boot.devtools.restart.RestartApplicationListener - Restart disabled due to context in which it is running

  .   ____          _            __ _ _
 /\\ / ___'_ __ _ _(_)_ __  __ _ \ \ \ \
( ( )\___ | '_ | '_| | '_ \/ _` | \ \ \ \
 \\/  ___)| |_)| | | | | || (_| |  ) ) ) )
  '  |____| .__|_| |_|_| |_\__, | / / / /
 =========|_|==============|___/=/_/_/_/
 :: Spring Boot ::                (v3.1.5)

2024-01-11 15:56:20 973 [main] INFO com.purehub.GiveItToYouPlusApplicationTests - Starting GiveItToYouPlusApplicationTests using Java 19 with PID 28064 (started by kkcs in D:\Desktop\give-it-to-you\give-it-to-you-plus)
2024-01-11 15:56:20 974 [main] INFO com.purehub.GiveItToYouPlusApplicationTests - No active profile set, falling back to 1 default profile: "default"
2024-01-11 15:56:21 959 [main] INFO com.alibaba.druid.spring.boot3.autoconfigure.DruidDataSourceAutoConfigure - Init DruidDataSource
2024-01-11 15:56:22 604 [main] INFO com.alibaba.druid.pool.DruidDataSource - {dataSource-1} inited
Logging initialized using 'class org.apache.ibatis.logging.stdout.StdOutImpl' adapter.
Initialization Sequence datacenterId:20 workerId:10
 _ _   |_  _ _|_. ___ _ |    _ 
| | |\/|_)(_| | |_\  |_)||_|_\ 
     /               |         
                        3.5.4.1 
2024-01-11 15:56:24 186 [main] INFO com.purehub.GiveItToYouPlusApplicationTests - Started GiveItToYouPlusApplicationTests in 3.434 seconds (process running for 4.36)
2024-01-11T15:56:24.905204300
]]></system-out>
  </testcase>
</testsuite>